2025-08-29 11:14:16.725 - __main__ - INFO : TLKCoreService v2.2.0 is running
2025-08-29 11:14:16.725 - __main__ - INFO : Searching devices via: DevInterface.ALL
2025-08-29 11:14:18.878 - __main__ - INFO : Scanned device list: ['D2336B137-28,192.168.100.111,12']
2025-08-29 11:14:18.878 - __main__ - INFO : ====== Dev_1: D2336B137-28, 192.168.100.111, 12 ======
2025-08-29 11:14:18.927 - __main__ - INFO : SN: D2336B137-28
2025-08-29 11:14:18.943 - __main__ - INFO : FW ver: v1.2.17
2025-08-29 11:14:18.950 - __main__ - INFO : HW ver: 2335-28CTRB0C-016
2025-08-29 11:14:18.964 - __main__ - INFO : Static IP: 192.168.100.111
2025-08-29 11:14:18.976 - __main__ - INFO : Set RF mode: OK
2025-08-29 11:14:18.977 - __main__ - INFO : Get RF mode: RFMode.TX
2025-08-29 11:14:18.984 - __main__ - INFO : HW Ver: 2335-28CTRB0C-016
2025-08-29 11:14:18.991 - __main__ - INFO : TC ADC: [26]
2025-08-29 11:14:23.117 - __main__ - INFO : TLKCoreService v2.2.0 is running
2025-08-29 11:14:23.117 - __main__ - INFO : Searching devices via: DevInterface.ALL
2025-08-29 11:14:25.307 - __main__ - INFO : Scanned device list: ['D2336B137-28,192.168.100.111,12']
2025-08-29 11:14:25.307 - __main__ - INFO : ====== Dev_1: D2336B137-28, 192.168.100.111, 12 ======
2025-08-29 11:14:25.374 - __main__ - INFO : SN: D2336B137-28
2025-08-29 11:14:25.385 - __main__ - INFO : FW ver: v1.2.17
2025-08-29 11:14:25.396 - __main__ - INFO : HW ver: 2335-28CTRB0C-016
2025-08-29 11:14:25.406 - __main__ - INFO : Static IP: 192.168.100.111
2025-08-29 11:14:25.409 - __main__ - INFO : Set RF mode: OK
2025-08-29 11:14:25.409 - __main__ - INFO : Get RF mode: RFMode.TX
2025-08-29 11:14:25.421 - __main__ - INFO : HW Ver: 2335-28CTRB0C-016
2025-08-29 11:14:25.423 - __main__ - INFO : TC ADC: [26]
2025-08-29 11:14:49.698 - __main__ - INFO : Enabling channel 1
2025-08-29 11:14:49.705 - __main__ - INFO : Set ch1 with phase step(0): None
2025-08-29 11:14:49.705 - __main__ - INFO : Enabling channel 2
2025-08-29 11:14:49.711 - __main__ - INFO : Set ch2 with phase step(0): None
2025-08-29 11:14:49.711 - __main__ - INFO : Enabling channel 3
2025-08-29 11:14:49.715 - __main__ - INFO : Set ch3 with phase step(0): None
2025-08-29 11:14:49.715 - __main__ - INFO : Enabling channel 4
2025-08-29 11:14:49.719 - __main__ - INFO : Set ch4 with phase step(0): None
2025-08-29 11:14:50.920 - __main__ - INFO : [RECEIVER] Received power: -23.00138 at theta: 0.0
2025-08-29 11:14:50.920 - __main__ - INFO : Enabling channel 1
2025-08-29 11:14:50.929 - __main__ - INFO : Set ch1 with phase step(0): None
2025-08-29 11:14:50.929 - __main__ - INFO : Enabling channel 2
2025-08-29 11:14:50.949 - __main__ - INFO : Set ch2 with phase step(0): None
2025-08-29 11:14:50.950 - __main__ - INFO : Enabling channel 3
2025-08-29 11:14:50.954 - __main__ - INFO : Set ch3 with phase step(0): None
2025-08-29 11:14:50.954 - __main__ - INFO : Enabling channel 4
2025-08-29 11:14:50.963 - __main__ - INFO : Set ch4 with phase step(0): None
2025-08-29 11:14:52.164 - __main__ - INFO : [RECEIVER] Received power: -23.17094 at theta: 0.0
2025-08-29 11:14:52.164 - __main__ - INFO : Enabling channel 1
2025-08-29 11:14:52.164 - __main__ - INFO : Set ch1 with phase step(0): None
2025-08-29 11:14:52.164 - __main__ - INFO : Enabling channel 2
2025-08-29 11:14:52.186 - __main__ - INFO : Set ch2 with phase step(0): None
2025-08-29 11:14:52.187 - __main__ - INFO : Enabling channel 3
2025-08-29 11:14:52.196 - __main__ - INFO : Set ch3 with phase step(0): None
2025-08-29 11:14:52.196 - __main__ - INFO : Enabling channel 4
2025-08-29 11:14:52.201 - __main__ - INFO : Set ch4 with phase step(0): None
2025-08-29 11:14:53.406 - __main__ - INFO : [RECEIVER] Received power: -23.34048 at theta: 0.0
2025-08-29 11:14:53.406 - __main__ - INFO : Enabling channel 1
2025-08-29 11:14:53.412 - __main__ - INFO : Set ch1 with phase step(0): None
2025-08-29 11:14:53.412 - __main__ - INFO : Enabling channel 2
2025-08-29 11:14:53.418 - __main__ - INFO : Set ch2 with phase step(0): None
2025-08-29 11:14:53.418 - __main__ - INFO : Enabling channel 3
2025-08-29 11:14:53.432 - __main__ - INFO : Set ch3 with phase step(0): None
2025-08-29 11:14:53.433 - __main__ - INFO : Enabling channel 4
2025-08-29 11:14:53.439 - __main__ - INFO : Set ch4 with phase step(0): None
2025-08-29 11:14:54.645 - __main__ - INFO : [RECEIVER] Received power: -23.00138 at theta: 0.0
2025-08-29 11:14:54.645 - __main__ - INFO : Enabling channel 1
2025-08-29 11:14:54.645 - __main__ - INFO : Set ch1 with phase step(0): None
2025-08-29 11:14:54.645 - __main__ - INFO : Enabling channel 2
2025-08-29 11:14:54.645 - __main__ - INFO : Set ch2 with phase step(0): None
2025-08-29 11:14:54.645 - __main__ - INFO : Enabling channel 3
2025-08-29 11:14:54.666 - __main__ - INFO : Set ch3 with phase step(0): None
2025-08-29 11:14:54.666 - __main__ - INFO : Enabling channel 4
2025-08-29 11:14:54.672 - __main__ - INFO : Set ch4 with phase step(0): None
2025-08-29 11:14:55.878 - __main__ - INFO : [RECEIVER] Received power: -23.00138 at theta: 0.0
2025-08-29 11:14:55.878 - __main__ - INFO : Enabling channel 1
2025-08-29 11:14:55.878 - __main__ - INFO : Set ch1 with phase step(0): None
2025-08-29 11:14:55.878 - __main__ - INFO : Enabling channel 2
2025-08-29 11:14:55.878 - __main__ - INFO : Set ch2 with phase step(0): None
2025-08-29 11:14:55.878 - __main__ - INFO : Enabling channel 3
2025-08-29 11:14:55.897 - __main__ - INFO : Set ch3 with phase step(0): None
2025-08-29 11:14:55.898 - __main__ - INFO : Enabling channel 4
2025-08-29 11:14:55.906 - __main__ - INFO : Set ch4 with phase step(0): None
2025-08-29 11:14:57.172 - __main__ - INFO : [RECEIVER] Received power: -23.51004 at theta: 0.0
2025-08-29 11:14:57.172 - __main__ - INFO : Enabling channel 1
2025-08-29 11:14:57.182 - __main__ - INFO : Set ch1 with phase step(0): None
2025-08-29 11:14:57.182 - __main__ - INFO : Enabling channel 2
2025-08-29 11:14:57.188 - __main__ - INFO : Set ch2 with phase step(0): None
2025-08-29 11:14:57.188 - __main__ - INFO : Enabling channel 3
2025-08-29 11:14:57.194 - __main__ - INFO : Set ch3 with phase step(0): None
2025-08-29 11:14:57.195 - __main__ - INFO : Enabling channel 4
2025-08-29 11:14:57.202 - __main__ - INFO : Set ch4 with phase step(0): None
2025-08-29 11:14:58.405 - __main__ - INFO : [RECEIVER] Received power: -23.17094 at theta: 0.0
2025-08-29 11:14:58.405 - __main__ - INFO : Enabling channel 1
2025-08-29 11:14:58.410 - __main__ - INFO : Set ch1 with phase step(0): None
2025-08-29 11:14:58.410 - __main__ - INFO : Enabling channel 2
2025-08-29 11:14:58.415 - __main__ - INFO : Set ch2 with phase step(0): None
2025-08-29 11:14:58.415 - __main__ - INFO : Enabling channel 3
2025-08-29 11:14:58.419 - __main__ - INFO : Set ch3 with phase step(0): None
2025-08-29 11:14:58.419 - __main__ - INFO : Enabling channel 4
2025-08-29 11:14:58.422 - __main__ - INFO : Set ch4 with phase step(0): None
2025-08-29 11:14:59.629 - __main__ - INFO : [RECEIVER] Received power: -23.17094 at theta: 0.0
2025-08-29 11:14:59.630 - __main__ - INFO : Enabling channel 1
2025-08-29 11:14:59.635 - __main__ - INFO : Set ch1 with phase step(0): None
2025-08-29 11:14:59.635 - __main__ - INFO : Enabling channel 2
2025-08-29 11:14:59.639 - __main__ - INFO : Set ch2 with phase step(0): None
2025-08-29 11:14:59.639 - __main__ - INFO : Enabling channel 3
2025-08-29 11:14:59.642 - __main__ - INFO : Set ch3 with phase step(0): None
2025-08-29 11:14:59.642 - __main__ - INFO : Enabling channel 4
2025-08-29 11:14:59.645 - __main__ - INFO : Set ch4 with phase step(0): None
2025-08-29 11:15:00.858 - __main__ - INFO : [RECEIVER] Received power: -23.34048 at theta: 0.0
2025-08-29 11:15:00.858 - __main__ - INFO : Enabling channel 1
2025-08-29 11:15:00.864 - __main__ - INFO : Set ch1 with phase step(0): None
2025-08-29 11:15:00.864 - __main__ - INFO : Enabling channel 2
2025-08-29 11:15:00.868 - __main__ - INFO : Set ch2 with phase step(0): None
2025-08-29 11:15:00.868 - __main__ - INFO : Enabling channel 3
2025-08-29 11:15:00.871 - __main__ - INFO : Set ch3 with phase step(0): None
2025-08-29 11:15:00.871 - __main__ - INFO : Enabling channel 4
2025-08-29 11:15:00.873 - __main__ - INFO : Set ch4 with phase step(0): None
2025-08-29 11:15:02. 86 - __main__ - INFO : [RECEIVER] Received power: -23.51004 at theta: 0.0
2025-08-29 11:15:02. 87 - __main__ - INFO : Enabling channel 1
2025-08-29 11:15:02. 93 - __main__ - INFO : Set ch1 with phase step(0): None
2025-08-29 11:15:02. 93 - __main__ - INFO : Enabling channel 2
2025-08-29 11:15:02. 97 - __main__ - INFO : Set ch2 with phase step(0): None
2025-08-29 11:15:02. 98 - __main__ - INFO : Enabling channel 3
2025-08-29 11:15:02.103 - __main__ - INFO : Set ch3 with phase step(0): None
2025-08-29 11:15:02.103 - __main__ - INFO : Enabling channel 4
2025-08-29 11:15:02.108 - __main__ - INFO : Set ch4 with phase step(0): None
2025-08-29 11:15:03.316 - __main__ - INFO : [RECEIVER] Received power: -23.17094 at theta: 0.0
2025-08-29 11:15:03.316 - __main__ - INFO : Enabling channel 1
2025-08-29 11:15:03.321 - __main__ - INFO : Set ch1 with phase step(0): None
2025-08-29 11:15:03.321 - __main__ - INFO : Enabling channel 2
2025-08-29 11:15:03.325 - __main__ - INFO : Set ch2 with phase step(0): None
2025-08-29 11:15:03.326 - __main__ - INFO : Enabling channel 3
2025-08-29 11:15:03.329 - __main__ - INFO : Set ch3 with phase step(0): None
2025-08-29 11:15:03.329 - __main__ - INFO : Enabling channel 4
2025-08-29 11:15:03.333 - __main__ - INFO : Set ch4 with phase step(0): None
2025-08-29 11:15:04.546 - __main__ - INFO : [RECEIVER] Received power: -23.00138 at theta: 0.0
2025-08-29 11:15:04.547 - __main__ - INFO : Enabling channel 1
2025-08-29 11:15:04.553 - __main__ - INFO : Set ch1 with phase step(0): None
2025-08-29 11:15:04.554 - __main__ - INFO : Enabling channel 2
2025-08-29 11:15:04.558 - __main__ - INFO : Set ch2 with phase step(0): None
2025-08-29 11:15:04.559 - __main__ - INFO : Enabling channel 3
2025-08-29 11:15:04.563 - __main__ - INFO : Set ch3 with phase step(0): None
2025-08-29 11:15:04.563 - __main__ - INFO : Enabling channel 4
2025-08-29 11:15:04.568 - __main__ - INFO : Set ch4 with phase step(0): None
2025-08-29 11:15:05.955 - matplotlib.pyplot - DEBUG : Loaded backend qtagg version 6.9.1.
